
ROM used: 3850 (9%)
          3850 (9%) including unused fragments

          2 Average locations per line
          5 Average locations per statement

RAM used: 295 (14%) at main() level
          366 (18%) worst case

Stack used: 5 worst case (out of 31 total available)

Lines Stmts  %   Files
----- ----- ---  -----
   51    33   4  main.c
  443     0   0  ..\..\..\..\..\Program Files (x86)\PICC\devices\30f5015.h
   28     0   0  Config.h
    9     0   0  Global_Variables.c
 1273   478  59  ..\..\..\..\..\Program Files (x86)\PICC\drivers\stdlib.h
   28     0   0  ..\..\..\..\..\Program Files (x86)\PICC\drivers\stddef.h
  409   121  15  ..\..\..\..\..\Program Files (x86)\PICC\drivers\string.h
   28     0   0  ..\..\..\..\..\Program Files (x86)\PICC\drivers\ctype.h
   17     0   0  Functions.h
  242   176  22  Functions.c
----- -----
 2528   808 Total

Page ROM  %  RAM   Vol Diff  Functions:
---- --- --- ---   --- ----  ----------
0     20   0   2             @delay_ms1
0     16   0   2             @delay_us1
0     14   0   0             @GETCH_BIU_1
0     66   1   8             @MULS3232
0    190   2   8             @MULFF
0    416   5   8             @ADDFF
0    482   6  19  1817 10.4  atol
0     16   0   0   158  1.8  ADC_Init
0     46   1   2   417  2.4  Motor_Init
0    110   1   7   771  5.3  Set_Motor_Duty
0     50   1   2   252  4.1  Print_Center
0    312   4   5  1237  2.9  Read_Sensors
0     84   1  15   370  6.7  Digitalize_Array
0    156   2  21   924  9.4  Get_Average_Center
0     78   1   9   237  5.0  Get_Value
0     74   1   2             @SITOF
0     70   1   9   235  5.2  Get_Value_L
0     14   0   0             @const451
0    496   6   4   696  4.8  isr
0     34   0   0             @const452
0    182   2   0             @PRINTFU16_115200_5891_5890
0     38   0   0             @const456
0     26   0   0             @const457
0     44   1   4             @SFTOI
0     32   0   0             @const460
0     32   0   0             @const461
0    466   6   7  1147  6.7  MAIN
0     30   0   0             @const469

Program metrics:
    Functions               12
    Statements              808
    Comments                969
    Volume (V)              12788
    Difficilty (D)          62.9
    Effort to implement (E) 804581
    Time to implement (T)   12 hours, 25 minutes
    Est Delivered Bugs (B)  3
    Cyclomatic Complexity   35
    Maintainability (MI)    115

 Segment     Used  Free
-----------  ----  ----
00000-00002     4  0  
00004-000FE   252  0  
00100-0AFFE  3594  41206  



